Determining if the pthread_create exist failed with the following output:
Change Dir: /home/eduardovera/Workspace/TbGAl/build/CMakeFiles/CMakeTmp

Run Build Command:"/usr/bin/make" "cmTC_925f9/fast"
/usr/bin/make -f CMakeFiles/cmTC_925f9.dir/build.make CMakeFiles/cmTC_925f9.dir/build
make[1]: Entering directory '/home/eduardovera/Workspace/TbGAl/build/CMakeFiles/CMakeTmp'
Building C object CMakeFiles/cmTC_925f9.dir/CheckSymbolExists.c.o
/usr/bin/cc   -fPIC    -o CMakeFiles/cmTC_925f9.dir/CheckSymbolExists.c.o   -c /home/eduardovera/Workspace/TbGAl/build/CMakeFiles/CMakeTmp/CheckSymbolExists.c
Linking C executable cmTC_925f9
/usr/bin/cmake -E cmake_link_script CMakeFiles/cmTC_925f9.dir/link.txt --verbose=1
/usr/bin/cc -fPIC     -rdynamic CMakeFiles/cmTC_925f9.dir/CheckSymbolExists.c.o  -o cmTC_925f9 
CMakeFiles/cmTC_925f9.dir/CheckSymbolExists.c.o: In function `main':
CheckSymbolExists.c:(.text+0x1b): undefined reference to `pthread_create'
collect2: error: ld returned 1 exit status
CMakeFiles/cmTC_925f9.dir/build.make:97: recipe for target 'cmTC_925f9' failed
make[1]: *** [cmTC_925f9] Error 1
make[1]: Leaving directory '/home/eduardovera/Workspace/TbGAl/build/CMakeFiles/CMakeTmp'
Makefile:126: recipe for target 'cmTC_925f9/fast' failed
make: *** [cmTC_925f9/fast] Error 2

File /home/eduardovera/Workspace/TbGAl/build/CMakeFiles/CMakeTmp/CheckSymbolExists.c:
/* */
#include <pthread.h>

int main(int argc, char** argv)
{
  (void)argv;
#ifndef pthread_create
  return ((int*)(&pthread_create))[argc];
#else
  (void)argc;
  return 0;
#endif
}

Determining if the function pthread_create exists in the pthreads failed with the following output:
Change Dir: /home/eduardovera/Workspace/TbGAl/build/CMakeFiles/CMakeTmp

Run Build Command:"/usr/bin/make" "cmTC_29f5e/fast"
/usr/bin/make -f CMakeFiles/cmTC_29f5e.dir/build.make CMakeFiles/cmTC_29f5e.dir/build
make[1]: Entering directory '/home/eduardovera/Workspace/TbGAl/build/CMakeFiles/CMakeTmp'
Building C object CMakeFiles/cmTC_29f5e.dir/CheckFunctionExists.c.o
/usr/bin/cc   -fPIC -DCHECK_FUNCTION_EXISTS=pthread_create   -o CMakeFiles/cmTC_29f5e.dir/CheckFunctionExists.c.o   -c /usr/share/cmake-3.10/Modules/CheckFunctionExists.c
Linking C executable cmTC_29f5e
/usr/bin/cmake -E cmake_link_script CMakeFiles/cmTC_29f5e.dir/link.txt --verbose=1
/usr/bin/cc -fPIC -DCHECK_FUNCTION_EXISTS=pthread_create    -rdynamic CMakeFiles/cmTC_29f5e.dir/CheckFunctionExists.c.o  -o cmTC_29f5e -lpthreads 
/usr/bin/x86_64-linux-gnu-ld: cannot find -lpthreads
collect2: error: ld returned 1 exit status
CMakeFiles/cmTC_29f5e.dir/build.make:97: recipe for target 'cmTC_29f5e' failed
make[1]: *** [cmTC_29f5e] Error 1
make[1]: Leaving directory '/home/eduardovera/Workspace/TbGAl/build/CMakeFiles/CMakeTmp'
Makefile:126: recipe for target 'cmTC_29f5e/fast' failed
make: *** [cmTC_29f5e/fast] Error 2


